0 info it worked if it ends with ok
1 verbose cli [ '/usr/bin/node',
1 verbose cli   '/usr/bin/npm',
1 verbose cli   'install',
1 verbose cli   'grunt-contrib-compass,',
1 verbose cli   'grunt-contrib-watch' ]
2 info using npm@1.4.28
3 info using node@v0.10.32
4 verbose node symlink /usr/bin/node
5 warn package.json core@0.1.0 No repository field.
6 verbose readDependencies using package.json deps
7 verbose cache add [ 'grunt-contrib-compass,', null ]
8 verbose cache add name=undefined spec="grunt-contrib-compass," args=["grunt-contrib-compass,",null]
9 verbose parsed url { protocol: null,
9 verbose parsed url   slashes: null,
9 verbose parsed url   auth: null,
9 verbose parsed url   host: null,
9 verbose parsed url   port: null,
9 verbose parsed url   hostname: null,
9 verbose parsed url   hash: null,
9 verbose parsed url   search: null,
9 verbose parsed url   query: null,
9 verbose parsed url   pathname: 'grunt-contrib-compass,',
9 verbose parsed url   path: 'grunt-contrib-compass,',
9 verbose parsed url   href: 'grunt-contrib-compass,' }
10 verbose cache add [ 'grunt-contrib-watch', null ]
11 verbose cache add name=undefined spec="grunt-contrib-watch" args=["grunt-contrib-watch",null]
12 verbose parsed url { protocol: null,
12 verbose parsed url   slashes: null,
12 verbose parsed url   auth: null,
12 verbose parsed url   host: null,
12 verbose parsed url   port: null,
12 verbose parsed url   hostname: null,
12 verbose parsed url   hash: null,
12 verbose parsed url   search: null,
12 verbose parsed url   query: null,
12 verbose parsed url   pathname: 'grunt-contrib-watch',
12 verbose parsed url   path: 'grunt-contrib-watch',
12 verbose parsed url   href: 'grunt-contrib-watch' }
13 silly lockFile e1e20f74-grunt-contrib-compass grunt-contrib-compass,
14 verbose lock grunt-contrib-compass, /home/chadsten/.npm/e1e20f74-grunt-contrib-compass.lock
15 silly lockFile 7f2b8bdb-grunt-contrib-watch grunt-contrib-watch
16 verbose lock grunt-contrib-watch /home/chadsten/.npm/7f2b8bdb-grunt-contrib-watch.lock
17 silly lockFile e1e20f74-grunt-contrib-compass grunt-contrib-compass,
18 silly lockFile e1e20f74-grunt-contrib-compass grunt-contrib-compass,
19 silly lockFile 7f2b8bdb-grunt-contrib-watch grunt-contrib-watch
20 silly lockFile 7f2b8bdb-grunt-contrib-watch grunt-contrib-watch
21 verbose addNamed [ 'grunt-contrib-compass,', '' ]
22 verbose addNamed [ null, '*' ]
23 silly lockFile df761a45-grunt-contrib-compass grunt-contrib-compass,@
24 verbose lock grunt-contrib-compass,@ /home/chadsten/.npm/df761a45-grunt-contrib-compass.lock
25 verbose addNamed [ 'grunt-contrib-watch', '' ]
26 verbose addNamed [ null, '*' ]
27 silly lockFile b64937f1-grunt-contrib-watch grunt-contrib-watch@
28 verbose lock grunt-contrib-watch@ /home/chadsten/.npm/b64937f1-grunt-contrib-watch.lock
29 silly addNameRange { name: 'grunt-contrib-compass,', range: '*', hasData: false }
30 silly addNameRange { name: 'grunt-contrib-watch', range: '*', hasData: false }
31 verbose request where is /grunt-contrib-compass,
32 verbose request registry https://registry.npmjs.org/
33 verbose request id acfeaf903facab44
34 verbose url raw /grunt-contrib-compass,
35 verbose url resolving [ 'https://registry.npmjs.org/', './grunt-contrib-compass%2C' ]
36 verbose url resolved https://registry.npmjs.org/grunt-contrib-compass%2C
37 verbose request where is https://registry.npmjs.org/grunt-contrib-compass%2C
38 info trying registry request attempt 1 at 10:02:36
39 http GET https://registry.npmjs.org/grunt-contrib-compass%2C
40 verbose request where is /grunt-contrib-watch
41 verbose request registry https://registry.npmjs.org/
42 verbose url raw /grunt-contrib-watch
43 verbose url resolving [ 'https://registry.npmjs.org/', './grunt-contrib-watch' ]
44 verbose url resolved https://registry.npmjs.org/grunt-contrib-watch
45 verbose request where is https://registry.npmjs.org/grunt-contrib-watch
46 info trying registry request attempt 1 at 10:02:36
47 verbose etag "9GW15EKJMVJWLXJ3X3CK3F36"
48 http GET https://registry.npmjs.org/grunt-contrib-watch
49 http 200 https://registry.npmjs.org/grunt-contrib-watch
50 silly registry.get cb [ 200,
50 silly registry.get   { date: 'Mon, 13 Oct 2014 15:02:36 GMT',
50 silly registry.get     server: 'CouchDB/1.5.0 (Erlang OTP/R16B03)',
50 silly registry.get     etag: '"269BOW72EI5QIWPUVGY0ZQEPT"',
50 silly registry.get     'content-type': 'application/json',
50 silly registry.get     'cache-control': 'max-age=60',
50 silly registry.get     'content-length': '59818',
50 silly registry.get     'accept-ranges': 'bytes',
50 silly registry.get     via: '1.1 varnish',
50 silly registry.get     age: '41',
50 silly registry.get     'x-served-by': 'cache-dfw1835-DFW',
50 silly registry.get     'x-cache': 'HIT',
50 silly registry.get     'x-cache-hits': '1',
50 silly registry.get     'x-timer': 'S1413212556.661248,VS0,VE0',
50 silly registry.get     vary: 'Accept',
50 silly registry.get     'keep-alive': 'timeout=10, max=50',
50 silly registry.get     connection: 'Keep-Alive' } ]
51 silly addNameRange number 2 { name: 'grunt-contrib-watch', range: '*', hasData: true }
52 silly addNameRange versions [ 'grunt-contrib-watch',
52 silly addNameRange   [ '0.1.0',
52 silly addNameRange     '0.1.1',
52 silly addNameRange     '0.1.2',
52 silly addNameRange     '0.1.3',
52 silly addNameRange     '0.1.4',
52 silly addNameRange     '0.2.0',
52 silly addNameRange     '0.3.0',
52 silly addNameRange     '0.3.1',
52 silly addNameRange     '0.4.0',
52 silly addNameRange     '0.4.1',
52 silly addNameRange     '0.4.2',
52 silly addNameRange     '0.4.3',
52 silly addNameRange     '0.4.4',
52 silly addNameRange     '0.5.0',
52 silly addNameRange     '0.5.1',
52 silly addNameRange     '0.5.2',
52 silly addNameRange     '0.5.3',
52 silly addNameRange     '0.6.0',
52 silly addNameRange     '0.6.1',
52 silly addNameRange     '0.2.0-a',
52 silly addNameRange     '0.2.0-rc5',
52 silly addNameRange     '0.2.0-rc7' ] ]
53 verbose addNamed [ 'grunt-contrib-watch', '0.6.1' ]
54 verbose addNamed [ '0.6.1', '0.6.1' ]
55 silly lockFile 08049756-grunt-contrib-watch-0-6-1 grunt-contrib-watch@0.6.1
56 verbose lock grunt-contrib-watch@0.6.1 /home/chadsten/.npm/08049756-grunt-contrib-watch-0-6-1.lock
57 silly lockFile 08049756-grunt-contrib-watch-0-6-1 grunt-contrib-watch@0.6.1
58 silly lockFile 08049756-grunt-contrib-watch-0-6-1 grunt-contrib-watch@0.6.1
59 silly lockFile b64937f1-grunt-contrib-watch grunt-contrib-watch@
60 silly lockFile b64937f1-grunt-contrib-watch grunt-contrib-watch@
61 http 404 https://registry.npmjs.org/grunt-contrib-compass%2C
62 verbose headers { date: 'Mon, 13 Oct 2014 15:02:36 GMT',
62 verbose headers   server: 'CouchDB/1.5.0 (Erlang OTP/R16B03)',
62 verbose headers   'content-type': 'application/json',
62 verbose headers   'cache-control': 'max-age=0',
62 verbose headers   'content-length': '52',
62 verbose headers   'accept-ranges': 'bytes',
62 verbose headers   via: '1.1 varnish',
62 verbose headers   age: '0',
62 verbose headers   'x-served-by': 'cache-ord1727-ORD',
62 verbose headers   'x-cache': 'MISS',
62 verbose headers   'x-cache-hits': '0',
62 verbose headers   'x-timer': 'S1413212556.770288,VS0,VE142',
62 verbose headers   'keep-alive': 'timeout=10, max=50',
62 verbose headers   connection: 'Keep-Alive' }
63 silly registry.get cb [ 404,
63 silly registry.get   { date: 'Mon, 13 Oct 2014 15:02:36 GMT',
63 silly registry.get     server: 'CouchDB/1.5.0 (Erlang OTP/R16B03)',
63 silly registry.get     'content-type': 'application/json',
63 silly registry.get     'cache-control': 'max-age=0',
63 silly registry.get     'content-length': '52',
63 silly registry.get     'accept-ranges': 'bytes',
63 silly registry.get     via: '1.1 varnish',
63 silly registry.get     age: '0',
63 silly registry.get     'x-served-by': 'cache-ord1727-ORD',
63 silly registry.get     'x-cache': 'MISS',
63 silly registry.get     'x-cache-hits': '0',
63 silly registry.get     'x-timer': 'S1413212556.770288,VS0,VE142',
63 silly registry.get     'keep-alive': 'timeout=10, max=50',
63 silly registry.get     connection: 'Keep-Alive' } ]
64 silly lockFile df761a45-grunt-contrib-compass grunt-contrib-compass,@
65 silly lockFile df761a45-grunt-contrib-compass grunt-contrib-compass,@
66 error 404 404 Not Found: grunt-contrib-compass%2C
66 error 404
66 error 404 'grunt-contrib-compass%2C' is not in the npm registry.
66 error 404 You should bug the author to publish it
66 error 404 It was specified as a dependency of 'core'
66 error 404
66 error 404 Note that you can also install from a
66 error 404 tarball, folder, or http url, or git url.
67 error System Linux 3.2.0-69-generic
68 error command "/usr/bin/node" "/usr/bin/npm" "install" "grunt-contrib-compass," "grunt-contrib-watch"
69 error cwd /var/www/imex/public_html
70 error node -v v0.10.32
71 error npm -v 1.4.28
72 error code E404
73 verbose exit [ 1, true ]
